# JRE version: OpenJDK Runtime Environment (17.0.7) (build 17.0.7+0-b2043.56-10550314)
# Java VM: OpenJDK 64-Bit Server VM (17.0.7+0-b2043.56-10550314, mixed mode, tiered, compressed oops, compressed class ptrs, g1 gc, windows-amd64)
GC Precious Log:
 CPUs: 4 total, 4 available
 Memory: 6082M
 Large Page Support: Disabled
 NUMA Support: Disabled
 Compressed Oops: Enabled (32-bit)
 Heap Region Size: 1M
 Heap Min Capacity: 8M
 Heap Initial Capacity: 96M
 Heap Max Capacity: 2G
 Pre-touch: Disabled
 Parallel Workers: 4
 Concurrent Workers: 1
 Concurrent Refinement Workers: 4
 Periodic GC: Disabled
Heap:
 garbage-first heap   total 296960K, used 150705K [0x0000000080000000, 0x0000000100000000)
  region size 1024K, 6 young (6144K), 6 survivors (6144K)
 Metaspace       used 148268K, committed 149248K, reserved 1179648K
  class space    used 19957K, committed 20416K, reserved 1048576K
GC Heap History (20 events):
Event: 1289.950 GC heap after
{Heap after GC invocations=55 (full 0):
 garbage-first heap   total 276480K, used 132740K [0x0000000080000000, 0x0000000100000000)
  region size 1024K, 1 young (1024K), 1 survivors (1024K)
 Metaspace       used 139314K, committed 140096K, reserved 1179648K
  class space    used 19014K, committed 19392K, reserved 1048576K
}
Event: 1301.235 GC heap before
{Heap before GC invocations=55 (full 0):
 garbage-first heap   total 276480K, used 231044K [0x0000000080000000, 0x0000000100000000)
  region size 1024K, 98 young (100352K), 1 survivors (1024K)
 Metaspace       used 142171K, committed 142976K, reserved 1179648K
  class space    used 19316K, committed 19712K, reserved 1048576K
}
Event: 1301.293 GC heap after
{Heap after GC invocations=56 (full 0):
 garbage-first heap   total 276480K, used 136896K [0x0000000080000000, 0x0000000100000000)
  region size 1024K, 6 young (6144K), 6 survivors (6144K)
 Metaspace       used 142171K, committed 142976K, reserved 1179648K
  class space    used 19316K, committed 19712K, reserved 1048576K
}
Event: 1311.901 GC heap before
{Heap before GC invocations=57 (full 0):
 garbage-first heap   total 296960K, used 229056K [0x0000000080000000, 0x0000000100000000)
  region size 1024K, 97 young (99328K), 6 survivors (6144K)
 Metaspace       used 146662K, committed 147584K, reserved 1179648K
  class space    used 19900K, committed 20352K, reserved 1048576K
}
Event: 1311.951 GC heap after
{Heap after GC invocations=58 (full 0):
 garbage-first heap   total 296960K, used 140311K [0x0000000080000000, 0x0000000100000000)
  region size 1024K, 9 young (9216K), 9 survivors (9216K)
 Metaspace       used 146662K, committed 147584K, reserved 1179648K
  class space    used 19900K, committed 20352K, reserved 1048576K
}
Event: 1312.025 GC heap before
{Heap before GC invocations=58 (full 0):
 garbage-first heap   total 296960K, used 144407K [0x0000000080000000, 0x0000000100000000)
  region size 1024K, 14 young (14336K), 9 survivors (9216K)
 Metaspace       used 146677K, committed 147584K, reserved 1179648K
  class space    used 19901K, committed 20352K, reserved 1048576K
}
Event: 1312.134 GC heap after
{Heap after GC invocations=59 (full 0):
 garbage-first heap   total 296960K, used 138546K [0x0000000080000000, 0x0000000100000000)
  region size 1024K, 2 young (2048K), 2 survivors (2048K)
 Metaspace       used 146677K, committed 147584K, reserved 1179648K
  class space    used 19901K, committed 20352K, reserved 1048576K
}
Event: 1312.710 GC heap before
{Heap before GC invocations=59 (full 0):
 garbage-first heap   total 296960K, used 143666K [0x0000000080000000, 0x0000000100000000)
  region size 1024K, 8 young (8192K), 2 survivors (2048K)
 Metaspace       used 146764K, committed 147712K, reserved 1179648K
  class space    used 19910K, committed 20352K, reserved 1048576K
}
Event: 1312.723 GC heap after
{Heap after GC invocations=60 (full 0):
 garbage-first heap   total 296960K, used 139876K [0x0000000080000000, 0x0000000100000000)
  region size 1024K, 3 young (3072K), 3 survivors (3072K)
 Metaspace       used 146764K, committed 147712K, reserved 1179648K
  class space    used 19910K, committed 20352K, reserved 1048576K
}
Event: 1316.754 GC heap before
{Heap before GC invocations=61 (full 0):
 garbage-first heap   total 296960K, used 237156K [0x0000000080000000, 0x0000000100000000)
  region size 1024K, 95 young (97280K), 3 survivors (3072K)
 Metaspace       used 147495K, committed 148416K, reserved 1179648K
  class space    used 19918K, committed 20352K, reserved 1048576K
}
Event: 1316.787 GC heap after
{Heap after GC invocations=62 (full 0):
 garbage-first heap   total 296960K, used 149243K [0x0000000080000000, 0x0000000100000000)
  region size 1024K, 10 young (10240K), 10 survivors (10240K)
 Metaspace       used 147495K, committed 148416K, reserved 1179648K
  class space    used 19918K, committed 20352K, reserved 1048576K
}
Event: 1316.833 GC heap before
{Heap before GC invocations=62 (full 0):
 garbage-first heap   total 296960K, used 152315K [0x0000000080000000, 0x0000000100000000)
  region size 1024K, 14 young (14336K), 10 survivors (10240K)
 Metaspace       used 147499K, committed 148416K, reserved 1179648K
  class space    used 19918K, committed 20352K, reserved 1048576K
}
Event: 1316.913 GC heap after
{Heap after GC invocations=63 (full 0):
 garbage-first heap   total 296960K, used 145040K [0x0000000080000000, 0x0000000100000000)
  region size 1024K, 1 young (1024K), 1 survivors (1024K)
 Metaspace       used 147499K, committed 148416K, reserved 1179648K
  class space    used 19918K, committed 20352K, reserved 1048576K
}
Event: 1317.249 GC heap before
{Heap before GC invocations=63 (full 0):
 garbage-first heap   total 296960K, used 155280K [0x0000000080000000, 0x0000000100000000)
  region size 1024K, 12 young (12288K), 1 survivors (1024K)
 Metaspace       used 147623K, committed 148544K, reserved 1179648K
  class space    used 19918K, committed 20352K, reserved 1048576K
}
Event: 1317.265 GC heap after
{Heap after GC invocations=64 (full 0):
 garbage-first heap   total 296960K, used 145915K [0x0000000080000000, 0x0000000100000000)
  region size 1024K, 2 young (2048K), 2 survivors (2048K)
 Metaspace       used 147623K, committed 148544K, reserved 1179648K
  class space    used 19918K, committed 20352K, reserved 1048576K
}
Event: 2054.234 GC heap before
{Heap before GC invocations=65 (full 0):
 garbage-first heap   total 296960K, used 254459K [0x0000000080000000, 0x0000000100000000)
  region size 1024K, 95 young (97280K), 2 survivors (2048K)
 Metaspace       used 148056K, committed 149056K, reserved 1179648K
  class space    used 19954K, committed 20416K, reserved 1048576K
}
Event: 2054.441 GC heap after
{Heap after GC invocations=66 (full 0):
 garbage-first heap   total 296960K, used 147134K [0x0000000080000000, 0x0000000100000000)
  region size 1024K, 4 young (4096K), 4 survivors (4096K)
 Metaspace       used 148056K, committed 149056K, reserved 1179648K
  class space    used 19954K, committed 20416K, reserved 1048576K
}
Event: 2056.789 GC heap before
{Heap before GC invocations=66 (full 0):
 garbage-first heap   total 296960K, used 157374K [0x0000000080000000, 0x0000000100000000)
  region size 1024K, 14 young (14336K), 4 survivors (4096K)
 Metaspace       used 148126K, committed 149056K, reserved 1179648K
  class space    used 19955K, committed 20416K, reserved 1048576K
}
Event: 2057.342 GC heap after
{Heap after GC invocations=67 (full 0):
 garbage-first heap   total 296960K, used 147352K [0x0000000080000000, 0x0000000100000000)
  region size 1024K, 2 young (2048K), 2 survivors (2048K)
 Metaspace       used 148126K, committed 149056K, reserved 1179648K
  class space    used 19955K, committed 20416K, reserved 1048576K
}
Event: 2059.559 GC heap before
{Heap before GC invocations=67 (full 0):
 garbage-first heap   total 296960K, used 170904K [0x0000000080000000, 0x0000000100000000)
  region size 1024K, 26 young (26624K), 2 survivors (2048K)
 Metaspace       used 148268K, committed 149248K, reserved 1179648K
  class space    used 19957K, committed 20416K, reserved 1048576K
}

